<?xml version="1.0" encoding="UTF-8"?>
<!-- Generated by org.testng.reporters.JUnitXMLReporter -->
<testsuite hostname="DESKTOP-7L6771B" ignored="0" name="Default test" tests="3" failures="0" timestamp="2020-06-01T12:46:14 IST" time="2.194" errors="0">
  <testcase name="loginTest" time="0.022" classname="stepDefinitions.LoginPageTest"/>
  <testcase name="loginTest" time="0.004" classname="stepDefinitions.LoginPageTest"/>
  <testcase name="loginTest" time="0.003" classname="stepDefinitions.LoginPageTest"/>
</testsuite> <!-- Default test -->
