<?xml version="1.0" encoding="UTF-8"?>
<!-- Generated by org.testng.reporters.JUnitXMLReporter -->
<testsuite hostname="DESKTOP-7L6771B" ignored="0" name="Default test" tests="3" failures="0" timestamp="2020-05-18T15:56:52 IST" time="2.133" errors="0">
  <testcase name="loginTest" time="0.03" classname="stepDefinitions.LoginPageTest"/>
  <testcase name="loginTest" time="0.025" classname="stepDefinitions.LoginPageTest"/>
  <testcase name="loginTest" time="0.018" classname="stepDefinitions.LoginPageTest"/>
</testsuite> <!-- Default test -->
